Using pre-set license
Built from '2020.3/staging' branch; Version is '2020.3.3f1 (76626098c1c4) revision 7758432'; Using compiler version '192528614'; Build Type 'Release'
OS: 'Windows 10 Pro; OS build 19042.1110; Version 2009; 64bit' Language: 'tr' Physical Memory: 16226 MB
BatchMode: 1, IsHumanControllingUs: 0, StartBugReporterOnCrash: 0, Is64bit: 1, IsPro: 0

 COMMAND LINE ARGUMENTS:
D:\Unity Editors\2020.3.3f1\Editor\Unity.exe
-adb2
-batchMode
-noUpm
-name
AssetImportWorker0
-projectPath
D:/Gamedev Works/Built on Unity/4_Argon_Assault/4_Planetary_Strike
-logFile
Logs/AssetImportWorker0.log
-srvPort
55155
Successfully changed project path to: D:/Gamedev Works/Built on Unity/4_Argon_Assault/4_Planetary_Strike
D:/Gamedev Works/Built on Unity/4_Argon_Assault/4_Planetary_Strike
Using Asset Import Pipeline V2.
Refreshing native plugins compatible for Editor in 43.16 ms, found 0 plugins.
Preloading 0 native plugins for Editor in 0.00 ms.
Initialize engine version: 2020.3.3f1 (76626098c1c4)
[Subsystems] Discovering subsystems at path D:/Unity Editors/2020.3.3f1/Editor/Data/Resources/UnitySubsystems
[Subsystems] Discovering subsystems at path D:/Gamedev Works/Built on Unity/4_Argon_Assault/4_Planetary_Strike/Assets
GfxDevice: creating device client; threaded=0
Direct3D:
    Version:  Direct3D 11.0 [level 11.1]
    Renderer: NVIDIA GeForce GTX 1050 Ti (ID=0x1c8c)
    Vendor:   
    VRAM:     4018 MB
    Driver:   30.0.14.7141
Initialize mono
Mono path[0] = 'D:/Unity Editors/2020.3.3f1/Editor/Data/Managed'
Mono path[1] = 'D:/Unity Editors/2020.3.3f1/Editor/Data/MonoBleedingEdge/lib/mono/unityjit'
Mono config path = 'D:/Unity Editors/2020.3.3f1/Editor/Data/MonoBleedingEdge/etc'
Using monoOptions --debugger-agent=transport=dt_socket,embedding=1,server=y,suspend=n,address=127.0.0.1:56944
Begin MonoManager ReloadAssembly
Registering precompiled unity dll's ...
Register platform support module: D:/Unity Editors/2020.3.3f1/Editor/Data/PlaybackEngines/WebGLSupport/UnityEditor.WebGL.Extensions.dll
Register platform support module: D:/Unity Editors/2020.3.3f1/Editor/Data/PlaybackEngines/WindowsStandaloneSupport/UnityEditor.WindowsStandalone.Extensions.dll
Registered in 0.001483 seconds.
Native extension for WindowsStandalone target not found
Native extension for WebGL target not found
Refreshing native plugins compatible for Editor in 36.76 ms, found 0 plugins.
Preloading 0 native plugins for Editor in 0.00 ms.
Invoked RoslynAnalysisRunner static constructor.
RoslynAnalysisRunner will not be running.
RoslynAnalysisRunner has terminated.
Mono: successfully reloaded assembly
- Completed reload, in  1.540 seconds
Platform modules already initialized, skipping
Registering precompiled user dll's ...
Registered in 0.001959 seconds.
Begin MonoManager ReloadAssembly
Native extension for WindowsStandalone target not found
Native extension for WebGL target not found
Refreshing native plugins compatible for Editor in 0.53 ms, found 0 plugins.
Preloading 0 native plugins for Editor in 0.00 ms.
Invoked RoslynAnalysisRunner static constructor.
RoslynAnalysisRunner will not be running.
RoslynAnalysisRunner has terminated.
Mono: successfully reloaded assembly
- Completed reload, in  1.052 seconds
Platform modules already initialized, skipping
========================================================================
Worker process is ready to serve import requests
Launched and connected shader compiler UnityShaderCompiler.exe after 0.28 seconds
Refreshing native plugins compatible for Editor in 0.46 ms, found 0 plugins.
Preloading 0 native plugins for Editor in 0.00 ms.
Unloading 1545 Unused Serialized files (Serialized files now loaded: 0)
System memory in use before: 90.2 MB.
System memory in use after: 89.9 MB.

Unloading 35 unused Assets to reduce memory usage. Loaded Objects now: 1997.
Total: 1.971100 ms (FindLiveObjects: 0.149000 ms CreateObjectMapping: 0.051400 ms MarkObjects: 1.451200 ms  DeleteObjects: 0.318700 ms)

========================================================================
Received Import Request.
  path: Assets/Player.cs
  artifactKey: Guid(d9ce6763057dbac45ad07147a8f9cc40) Importer(815301076,1909f56bfc062723c751e8b465ee728b)
Start importing Assets/Player.cs using Guid(d9ce6763057dbac45ad07147a8f9cc40) Importer(815301076,1909f56bfc062723c751e8b465ee728b)  -> (artifact id: '1d3ceb107c7e069bbe9056ba57b0aa17') in 0.094654 seconds
  Import took 0.256256 seconds .

========================================================================
Received Prepare
Registering precompiled user dll's ...
Registered in 0.008122 seconds.
Begin MonoManager ReloadAssembly
Native extension for WindowsStandalone target not found
Native extension for WebGL target not found
Refreshing native plugins compatible for Editor in 2.97 ms, found 0 plugins.
Preloading 0 native plugins for Editor in 0.00 ms.
Invoked RoslynAnalysisRunner static constructor.
RoslynAnalysisRunner will not be running.
RoslynAnalysisRunner has terminated.
Mono: successfully reloaded assembly
- Completed reload, in  5.734 seconds
Platform modules already initialized, skipping
Refreshing native plugins compatible for Editor in 4.26 ms, found 0 plugins.
Preloading 0 native plugins for Editor in 0.00 ms.
Unloading 1520 Unused Serialized files (Serialized files now loaded: 0)
System memory in use before: 88.1 MB.
System memory in use after: 87.9 MB.

Unloading 26 unused Assets to reduce memory usage. Loaded Objects now: 2000.
Total: 8.014800 ms (FindLiveObjects: 0.440100 ms CreateObjectMapping: 0.266100 ms MarkObjects: 6.795200 ms  DeleteObjects: 0.511300 ms)

========================================================================
Received Prepare
Registering precompiled user dll's ...
Registered in 0.002420 seconds.
Begin MonoManager ReloadAssembly
Native extension for WindowsStandalone target not found
Native extension for WebGL target not found
Refreshing native plugins compatible for Editor in 0.46 ms, found 0 plugins.
Preloading 0 native plugins for Editor in 0.00 ms.
Invoked RoslynAnalysisRunner static constructor.
RoslynAnalysisRunner will not be running.
RoslynAnalysisRunner has terminated.
Mono: successfully reloaded assembly
- Completed reload, in  0.778 seconds
Platform modules already initialized, skipping
Refreshing native plugins compatible for Editor in 0.53 ms, found 0 plugins.
Preloading 0 native plugins for Editor in 0.00 ms.
Unloading 1520 Unused Serialized files (Serialized files now loaded: 0)
System memory in use before: 88.2 MB.
System memory in use after: 87.9 MB.

Unloading 26 unused Assets to reduce memory usage. Loaded Objects now: 2003.
Total: 2.507200 ms (FindLiveObjects: 0.226700 ms CreateObjectMapping: 0.072900 ms MarkObjects: 1.776900 ms  DeleteObjects: 0.429800 ms)

========================================================================
Received Import Request.
  Time since last request: 758.241188 seconds.
  path: Assets/Spaceship.prefab
  artifactKey: Guid(496a7003aa80e8243ae515775ae95da5) Importer(815301076,1909f56bfc062723c751e8b465ee728b)
Start importing Assets/Spaceship.prefab using Guid(496a7003aa80e8243ae515775ae95da5) Importer(815301076,1909f56bfc062723c751e8b465ee728b)  -> (artifact id: '5c8e49ea38ac772f2f9d9f730966cc54') in 0.170016 seconds
  Import took 0.199342 seconds .

========================================================================
Received Prepare
Registering precompiled user dll's ...
Registered in 0.002155 seconds.
Begin MonoManager ReloadAssembly
Native extension for WindowsStandalone target not found
Native extension for WebGL target not found
Refreshing native plugins compatible for Editor in 0.46 ms, found 0 plugins.
Preloading 0 native plugins for Editor in 0.00 ms.
Invoked RoslynAnalysisRunner static constructor.
RoslynAnalysisRunner will not be running.
RoslynAnalysisRunner has terminated.
Mono: successfully reloaded assembly
- Completed reload, in  0.860 seconds
Platform modules already initialized, skipping
Refreshing native plugins compatible for Editor in 0.44 ms, found 0 plugins.
Preloading 0 native plugins for Editor in 0.00 ms.
Unloading 1520 Unused Serialized files (Serialized files now loaded: 0)
System memory in use before: 91.3 MB.
System memory in use after: 91.0 MB.

Unloading 26 unused Assets to reduce memory usage. Loaded Objects now: 2013.
Total: 2.541800 ms (FindLiveObjects: 0.195000 ms CreateObjectMapping: 0.058300 ms MarkObjects: 1.973600 ms  DeleteObjects: 0.314000 ms)

========================================================================
Received Prepare
Registering precompiled user dll's ...
Registered in 0.001867 seconds.
Begin MonoManager ReloadAssembly
Native extension for WindowsStandalone target not found
Native extension for WebGL target not found
Refreshing native plugins compatible for Editor in 0.46 ms, found 0 plugins.
Preloading 0 native plugins for Editor in 0.00 ms.
Invoked RoslynAnalysisRunner static constructor.
RoslynAnalysisRunner will not be running.
RoslynAnalysisRunner has terminated.
Mono: successfully reloaded assembly
- Completed reload, in  0.862 seconds
Platform modules already initialized, skipping
Refreshing native plugins compatible for Editor in 0.45 ms, found 0 plugins.
Preloading 0 native plugins for Editor in 0.00 ms.
Unloading 1520 Unused Serialized files (Serialized files now loaded: 0)
System memory in use before: 91.3 MB.
System memory in use after: 91.1 MB.

Unloading 26 unused Assets to reduce memory usage. Loaded Objects now: 2016.
Total: 2.267300 ms (FindLiveObjects: 0.290600 ms CreateObjectMapping: 0.092400 ms MarkObjects: 1.542700 ms  DeleteObjects: 0.340600 ms)

========================================================================
Received Prepare
Registering precompiled user dll's ...
Registered in 0.002833 seconds.
Begin MonoManager ReloadAssembly
Crash!!!
SymInit: Symbol-SearchPath: 'D:/Unity Editors/2020.3.3f1/Editor/Data/Mono;.;D:\Gamedev Works\Built on Unity\4_Argon_Assault\4_Planetary_Strike;D:\Unity Editors\2020.3.3f1\Editor;C:\WINDOWS;C:\WINDOWS\system32;SRV*C:\websymbols*http://msdl.microsoft.com/download/symbols;', symOptions: 534, UserName: 'Acer'
OS-Version: 10.0.0
D:\Unity Editors\2020.3.3f1\Editor\Unity.exe:Unity.exe (00007FF7E7D50000), size: 134688768 (result: 0), SymType: '-deferred-', PDB: '', fileVersion: 2020.3.3.25184
C:\WINDOWS\SYSTEM32\ntdll.dll:ntdll.dll (00007FF81A0B0000), size: 2052096 (result: 0), SymType: '-deferred-', PDB: '', fileVersion: 10.0.19041.1110
C:\WINDOWS\System32\KERNEL32.DLL:KERNEL32.DLL (00007FF818CD0000), size: 774144 (result: 0), SymType: '-deferred-', PDB: '', fileVersion: 10.0.19041.1023
C:\WINDOWS\System32\KERNELBASE.dll:KERNELBASE.dll (00007FF817A60000), size: 2920448 (result: 0), SymType: '-deferred-', PDB: '', fileVersion: 10.0.19041.1110
C:\WINDOWS\SYSTEM32\apphelp.dll:apphelp.dll (00007FF815080000), size: 589824 (result: 0), SymType: '-deferred-', PDB: '', fileVersion: 10.0.19041.928
C:\WINDOWS\System32\CRYPT32.dll:CRYPT32.dll (00007FF817FC0000), size: 1437696 (result: 0), SymType: '-deferred-', PDB: '', fileVersion: 10.0.19041.844
C:\WINDOWS\System32\ucrtbase.dll:ucrtbase.dll (00007FF8178A0000), size: 1048576 (result: 0), SymType: '-deferred-', PDB: '', fileVersion: 10.0.19041.789
C:\WINDOWS\System32\USER32.dll:USER32.dll (00007FF818B30000), size: 1703936 (result: 0), SymType: '-deferred-', PDB: '', fileVersion: 10.0.19041.906
C:\WINDOWS\System32\win32u.dll:win32u.dll (00007FF817F30000), size: 139264 (result: 0), SymType: '-deferred-', PDB: '', fileVersion: 10.0.19041.1110
D:\Unity Editors\2020.3.3f1\Editor\libfbxsdk.dll:libfbxsdk.dll (00007FFF86710000), size: 8974336 (result: 0), SymType: '-deferred-', PDB: '', fileVersion: 2020.0.0.0
D:\Unity Editors\2020.3.3f1\Editor\OpenImageDenoise.dll:OpenImageDenoise.dll (00007FFF81590000), size: 43806720 (result: 0), SymType: '-deferred-', PDB: ''
D:\Unity Editors\2020.3.3f1\Editor\optix.6.0.0.dll:optix.6.0.0.dll (00007FF8075D0000), size: 208896 (result: 0), SymType: '-deferred-', PDB: '', fileVersion: 6.0.0.0
C:\WINDOWS\System32\GDI32.dll:GDI32.dll (00007FF818340000), size: 172032 (result: 0), SymType: '-deferred-', PDB: '', fileVersion: 10.0.19041.746
C:\WINDOWS\System32\gdi32full.dll:gdi32full.dll (00007FF817E20000), size: 1093632 (result: 0), SymType: '-deferred-', PDB: '', fileVersion: 10.0.19041.1110
C:\WINDOWS\System32\ADVAPI32.dll:ADVAPI32.dll (00007FF818120000), size: 704512 (result: 0), SymType: '-deferred-', PDB: '', fileVersion: 10.0.19041.1052
C:\WINDOWS\System32\msvcp_win.dll:msvcp_win.dll (00007FF817D80000), size: 643072 (result: 0), SymType: '-deferred-', PDB: '', fileVersion: 10.0.19041.789
C:\WINDOWS\System32\msvcrt.dll:msvcrt.dll (00007FF819FD0000), size: 647168 (result: 0), SymType: '-deferred-', PDB: '', fileVersion: 7.0.19041.546
D:\Unity Editors\2020.3.3f1\Editor\umbraoptimizer64.dll:umbraoptimizer64.dll (00007FFFD4670000), size: 1306624 (result: 0), SymType: '-deferred-', PDB: ''
D:\Unity Editors\2020.3.3f1\Editor\FreeImage.dll:FreeImage.dll (0000000180000000), size: 6414336 (result: 0), SymType: '-deferred-', PDB: '', fileVersion: 3.18.0.0
C:\WINDOWS\System32\sechost.dll:sechost.dll (00007FF818F00000), size: 634880 (result: 0), SymType: '-deferred-', PDB: '', fileVersion: 10.0.19041.906
C:\WINDOWS\System32\SHELL32.dll:SHELL32.dll (00007FF819430000), size: 7598080 (result: 0), SymType: '-deferred-', PDB: '', fileVersion: 10.0.19041.1023
C:\WINDOWS\System32\WS2_32.dll:WS2_32.dll (00007FF818580000), size: 438272 (result: 0), SymType: '-deferred-', PDB: '', fileVersion: 10.0.19041.546
C:\WINDOWS\System32\RPCRT4.dll:RPCRT4.dll (00007FF818A00000), size: 1220608 (result: 0), SymType: '-deferred-', PDB: '', fileVersion: 10.0.19041.1081
C:\WINDOWS\System32\SHLWAPI.dll:SHLWAPI.dll (00007FF819E40000), size: 348160 (result: 0), SymType: '-deferred-', PDB: '', fileVersion: 10.0.19041.1023
C:\WINDOWS\System32\ole32.dll:ole32.dll (00007FF819EA0000), size: 1220608 (result: 0), SymType: '-deferred-', PDB: '', fileVersion: 10.0.19041.746
D:\Unity Editors\2020.3.3f1\Editor\ispc_texcomp.dll:ispc_texcomp.dll (00007FFFD44E0000), size: 1609728 (result: 0), SymType: '-deferred-', PDB: ''
D:\Unity Editors\2020.3.3f1\Editor\WinPixEventRuntime.dll:WinPixEventRuntime.dll (00007FF807670000), size: 45056 (result: 0), SymType: '-deferred-', PDB: '', fileVersion: 1.0.1812.6001
C:\WINDOWS\System32\WLDAP32.dll:WLDAP32.dll (00007FF8182E0000), size: 352256 (result: 0), SymType: '-deferred-', PDB: '', fileVersion: 10.0.19041.546
C:\WINDOWS\System32\combase.dll:combase.dll (00007FF8185F0000), size: 3493888 (result: 0), SymType: '-deferred-', PDB: '', fileVersion: 10.0.19041.1081
C:\WINDOWS\System32\Normaliz.dll:Normaliz.dll (00007FF818D90000), size: 32768 (result: 0), SymType: '-deferred-', PDB: '', fileVersion: 10.0.19041.546
C:\WINDOWS\System32\IMM32.dll:IMM32.dll (00007FF8182B0000), size: 196608 (result: 0), SymType: '-deferred-', PDB: '', fileVersion: 10.0.19041.546
D:\Unity Editors\2020.3.3f1\Editor\tbb.dll:tbb.dll (00007FFFD7A90000), size: 413696 (result: 0), SymType: '-deferred-', PDB: '', fileVersion: 2017.0.2016.1004
C:\WINDOWS\System32\SETUPAPI.dll:SETUPAPI.dll (00007FF818FC0000), size: 4624384 (result: 0), SymType: '-deferred-', PDB: '', fileVersion: 10.0.19041.844
C:\WINDOWS\System32\cfgmgr32.dll:cfgmgr32.dll (00007FF817D30000), size: 319488 (result: 0), SymType: '-deferred-', PDB: '', fileVersion: 10.0.19041.546
C:\WINDOWS\SYSTEM32\VCRUNTIME140.dll:VCRUNTIME140.dll (00007FF802B30000), size: 106496 (result: 0), SymType: '-deferred-', PDB: '', fileVersion: 14.28.29913.0
C:\WINDOWS\System32\bcrypt.dll:bcrypt.dll (00007FF817A30000), size: 159744 (result: 0), SymType: '-deferred-', PDB: '', fileVersion: 10.0.19041.1023
C:\WINDOWS\SYSTEM32\OPENGL32.dll:OPENGL32.dll (00007FFFE5B80000), size: 1200128 (result: 0), SymType: '-deferred-', PDB: '', fileVersion: 10.0.19041.1081
C:\WINDOWS\SYSTEM32\GLU32.dll:GLU32.dll (00007FFFEAF60000), size: 180224 (result: 0), SymType: '-deferred-', PDB: '', fileVersion: 10.0.19041.1081
C:\WINDOWS\System32\OLEAUT32.dll:OLEAUT32.dll (00007FF818DA0000), size: 839680 (result: 0), SymType: '-deferred-', PDB: '', fileVersion: 10.0.19041.985
C:\WINDOWS\SYSTEM32\MSVCP140.dll:MSVCP140.dll (00007FF802AA0000), size: 577536 (result: 0), SymType: '-deferred-', PDB: '', fileVersion: 14.28.29913.0
C:\WINDOWS\System32\WINTRUST.dll:WINTRUST.dll (00007FF817F60000), size: 393216 (result: 0), SymType: '-deferred-', PDB: '', fileVersion: 10.0.19041.1110
C:\WINDOWS\SYSTEM32\IPHLPAPI.DLL:IPHLPAPI.DLL (00007FF816C60000), size: 241664 (result: 0), SymType: '-deferred-', PDB: '', fileVersion: 10.0.19041.546
C:\WINDOWS\SYSTEM32\MSVCP120.dll:MSVCP120.dll (00007FFFD4820000), size: 679936 (result: 0), SymType: '-deferred-', PDB: '', fileVersion: 12.0.40649.5
C:\WINDOWS\SYSTEM32\MSVCR120.dll:MSVCR120.dll (00007FFFD43F0000), size: 978944 (result: 0), SymType: '-deferred-', PDB: '', fileVersion: 12.0.40649.5
C:\WINDOWS\SYSTEM32\CRYPTBASE.DLL:CRYPTBASE.DLL (00007FF8171A0000), size: 49152 (result: 0), SymType: '-deferred-', PDB: '', fileVersion: 10.0.19041.546
C:\WINDOWS\SYSTEM32\HID.DLL:HID.DLL (00007FF8160C0000), size: 53248 (result: 0), SymType: '-deferred-', PDB: '', fileVersion: 10.0.19041.546
C:\WINDOWS\SYSTEM32\WINHTTP.dll:WINHTTP.dll (00007FF80F070000), size: 1089536 (result: 0), SymType: '-deferred-', PDB: '', fileVersion: 10.0.19041.1110
C:\WINDOWS\SYSTEM32\WINMM.dll:WINMM.dll (00007FFFF8850000), size: 159744 (result: 0), SymType: '-deferred-', PDB: '', fileVersion: 10.0.19041.546
D:\Unity Editors\2020.3.3f1\Editor\RadeonImageFilters.dll:RadeonImageFilters.dll (00007FFFB2BD0000), size: 2535424 (result: 0), SymType: '-deferred-', PDB: '', fileVersion: 1.5.1.0
D:\Unity Editors\2020.3.3f1\Editor\SketchUpAPI.dll:SketchUpAPI.dll (00007FFF85E80000), size: 8978432 (result: 0), SymType: '-deferred-', PDB: '', fileVersion: 19.0.753.0
C:\WINDOWS\SYSTEM32\VERSION.dll:VERSION.dll (00007FF811B20000), size: 40960 (result: 0), SymType: '-deferred-', PDB: '', fileVersion: 10.0.19041.546
C:\WINDOWS\SYSTEM32\VCRUNTIME140_1.dll:VCRUNTIME140_1.dll (00007FF8037A0000), size: 49152 (result: 0), SymType: '-deferred-', PDB: '', fileVersion: 14.28.29913.0
C:\WINDOWS\SYSTEM32\WSOCK32.dll:WSOCK32.dll (00007FF807660000), size: 36864 (result: 0), SymType: '-deferred-', PDB: '', fileVersion: 10.0.19041.1
D:\Unity Editors\2020.3.3f1\Editor\SketchUpCommonPreferences.dll:SketchUpCommonPreferences.dll (00007FFFE22D0000), size: 483328 (result: 0), SymType: '-deferred-', PDB: '', fileVersion: 19.0.753.20342
C:\WINDOWS\SYSTEM32\Secur32.dll:Secur32.dll (00007FFFFFED0000), size: 49152 (result: 0), SymType: '-deferred-', PDB: '', fileVersion: 10.0.19041.546
C:\WINDOWS\SYSTEM32\SSPICLI.DLL:SSPICLI.DLL (00007FF8176B0000), size: 200704 (result: 0), SymType: '-deferred-', PDB: '', fileVersion: 10.0.19041.906
D:\Unity Editors\2020.3.3f1\Editor\OpenRL.dll:OpenRL.dll (0000029631CD0000), size: 12779520 (result: 0), SymType: '-deferred-', PDB: '', fileVersion: 1.5.0.2907
C:\WINDOWS\SYSTEM32\MSVCP100.dll:MSVCP100.dll (000000005F220000), size: 622592 (result: 0), SymType: '-deferred-', PDB: '', fileVersion: 10.0.40219.325
C:\WINDOWS\SYSTEM32\MSVCR100.dll:MSVCR100.dll (000000005F2C0000), size: 860160 (result: 0), SymType: '-deferred-', PDB: '', fileVersion: 10.0.40219.325
D:\Unity Editors\2020.3.3f1\Editor\embree.dll:embree.dll (00007FFF805A0000), size: 16711680 (result: 0), SymType: '-deferred-', PDB: '', fileVersion: 2.14.0.0
C:\WINDOWS\SYSTEM32\MSWSOCK.DLL:MSWSOCK.DLL (00007FF816FC0000), size: 434176 (result: 0), SymType: '-deferred-', PDB: '', fileVersion: 10.0.19041.546
D:\Unity Editors\2020.3.3f1\Editor\OpenRL_pthread.dll:OpenRL_pthread.dll (0000029632920000), size: 61440 (result: 0), SymType: '-deferred-', PDB: '', fileVersion: 2.9.0.0
C:\WINDOWS\SYSTEM32\MSASN1.dll:MSASN1.dll (00007FF8173E0000), size: 73728 (result: 0), SymType: '-deferred-', PDB: '', fileVersion: 10.0.19041.546
C:\WINDOWS\system32\tmumh\20019\AddOn\8.55.0.1053\TmUmEvt64.dll:TmUmEvt64.dll (00007FF80E6D0000), size: 2056192 (result: 0), SymType: '-deferred-', PDB: '', fileVersion: 8.55.0.1053
C:\WINDOWS\System32\PSAPI.DLL:PSAPI.DLL (00007FF818E70000), size: 32768 (result: 0), SymType: '-deferred-', PDB: '', fileVersion: 10.0.19041.546
C:\WINDOWS\system32\tmumh\20019\TmMon\2.9.0.1020\tmmon64.dll:tmmon64.dll (00000000622D0000), size: 1544192 (result: 0), SymType: '-deferred-', PDB: '', fileVersion: 2.9.0.1020
C:\WINDOWS\SYSTEM32\kernel.appcore.dll:kernel.appcore.dll (00007FF815720000), size: 73728 (result: 0), SymType: '-deferred-', PDB: '', fileVersion: 10.0.19041.546
C:\WINDOWS\System32\bcryptPrimitives.dll:bcryptPrimitives.dll (00007FF8179A0000), size: 536576 (result: 0), SymType: '-deferred-', PDB: '', fileVersion: 10.0.19041.1023
C:\WINDOWS\system32\uxtheme.dll:uxtheme.dll (00007FF8151E0000), size: 647168 (result: 0), SymType: '-deferred-', PDB: '', fileVersion: 10.0.19041.1081
C:\WINDOWS\System32\shcore.dll:shcore.dll (00007FF819BE0000), size: 712704 (result: 0), SymType: '-deferred-', PDB: '', fileVersion: 10.0.19041.1023
C:\WINDOWS\SYSTEM32\windows.storage.dll:windows.storage.dll (00007FF815920000), size: 7933952 (result: 0), SymType: '-deferred-', PDB: '', fileVersion: 10.0.19041.1081
C:\WINDOWS\SYSTEM32\Wldp.dll:Wldp.dll (00007FF817260000), size: 180224 (result: 0), SymType: '-deferred-', PDB: '', fileVersion: 10.0.19041.662
C:\WINDOWS\SYSTEM32\profapi.dll:profapi.dll (00007FF817730000), size: 126976 (result: 0), SymType: '-deferred-', PDB: '', fileVersion: 10.0.19041.844
C:\WINDOWS\System32\clbcatq.dll:clbcatq.dll (00007FF818950000), size: 692224 (result: 0), SymType: '-deferred-', PDB: '', fileVersion: 2001.12.10941.16384
C:\WINDOWS\System32\netprofm.dll:netprofm.dll (00007FF812F40000), size: 253952 (result: 0), SymType: '-deferred-', PDB: '', fileVersion: 10.0.19041.906
C:\WINDOWS\System32\npmproxy.dll:npmproxy.dll (00007FF8107C0000), size: 65536 (result: 0), SymType: '-deferred-', PDB: '', fileVersion: 10.0.19041.906
C:\WINDOWS\System32\NSI.dll:NSI.dll (00007FF819BD0000), size: 32768 (result: 0), SymType: '-deferred-', PDB: '', fileVersion: 10.0.19041.610
C:\WINDOWS\SYSTEM32\dhcpcsvc6.DLL:dhcpcsvc6.DLL (00007FF8107A0000), size: 94208 (result: 0), SymType: '-deferred-', PDB: '', fileVersion: 10.0.19041.546
C:\WINDOWS\SYSTEM32\dhcpcsvc.DLL:dhcpcsvc.DLL (00007FF810A30000), size: 118784 (result: 0), SymType: '-deferred-', PDB: '', fileVersion: 10.0.19041.546
C:\WINDOWS\SYSTEM32\DNSAPI.dll:DNSAPI.dll (00007FF816CA0000), size: 835584 (result: 0), SymType: '-deferred-', PDB: '', fileVersion: 10.0.19041.1023
C:\WINDOWS\System32\fwpuclnt.dll:fwpuclnt.dll (00007FF80DBA0000), size: 520192 (result: 0), SymType: '-deferred-', PDB: '', fileVersion: 10.0.19041.1081
C:\Windows\System32\rasadhlp.dll:rasadhlp.dll (00007FF80E320000), size: 40960 (result: 0), SymType: '-deferred-', PDB: '', fileVersion: 10.0.19041.546
C:\WINDOWS\SYSTEM32\d3d11.dll:d3d11.dll (00007FF813570000), size: 2506752 (result: 0), SymType: '-deferred-', PDB: '', fileVersion: 10.0.19041.746
C:\WINDOWS\SYSTEM32\dxgi.dll:dxgi.dll (00007FF816120000), size: 999424 (result: 0), SymType: '-deferred-', PDB: '', fileVersion: 10.0.19041.964
C:\WINDOWS\System32\DriverStore\FileRepository\nvaci.inf_amd64_18c5552cded2a330\nvldumdx.dll:nvldumdx.dll (00007FFF85450000), size: 1073152 (result: 0), SymType: '-deferred-', PDB: '', fileVersion: 30.0.14.7141
C:\WINDOWS\SYSTEM32\cryptnet.dll:cryptnet.dll (00007FF80F300000), size: 200704 (result: 0), SymType: '-deferred-', PDB: '', fileVersion: 10.0.19041.906
C:\WINDOWS\SYSTEM32\drvstore.dll:drvstore.dll (00007FF80B930000), size: 1351680 (result: 0), SymType: '-deferred-', PDB: '', fileVersion: 10.0.19041.1081
C:\WINDOWS\SYSTEM32\devobj.dll:devobj.dll (00007FF8175A0000), size: 180224 (result: 0), SymType: '-deferred-', PDB: '', fileVersion: 10.0.19041.546
C:\WINDOWS\System32\imagehlp.dll:imagehlp.dll (00007FF818FA0000), size: 118784 (result: 0), SymType: '-deferred-', PDB: '', fileVersion: 10.0.19041.546
C:\WINDOWS\SYSTEM32\CRYPTSP.dll:CRYPTSP.dll (00007FF8171B0000), size: 98304 (result: 0), SymType: '-deferred-', PDB: '', fileVersion: 10.0.19041.546
C:\WINDOWS\system32\rsaenh.dll:rsaenh.dll (00007FF8168F0000), size: 212992 (result: 0), SymType: '-deferred-', PDB: '', fileVersion: 10.0.19041.1052
C:\WINDOWS\System32\DriverStore\FileRepository\nvaci.inf_amd64_18c5552cded2a330\nvwgf2umx.dll:nvwgf2umx.dll (00007FFF7A400000), size: 77615104 (result: 0), SymType: '-deferred-', PDB: '', fileVersion: 30.0.14.7141
C:\WINDOWS\system32\nvspcap64.dll:nvspcap64.dll (00007FFF7A130000), size: 2895872 (result: 0), SymType: '-deferred-', PDB: '', fileVersion: 3.23.0.74
C:\WINDOWS\SYSTEM32\ntmarta.dll:ntmarta.dll (00007FF816520000), size: 208896 (result: 0), SymType: '-deferred-', PDB: '', fileVersion: 10.0.19041.546
C:\WINDOWS\SYSTEM32\dxcore.dll:dxcore.dll (00007FF811F10000), size: 241664 (result: 0), SymType: '-deferred-', PDB: '', fileVersion: 10.0.19041.546
C:\WINDOWS\system32\wbem\wbemprox.dll:wbemprox.dll (00007FF805D70000), size: 69632 (result: 0), SymType: '-deferred-', PDB: '', fileVersion: 10.0.19041.1081
C:\WINDOWS\SYSTEM32\wbemcomn.dll:wbemcomn.dll (00007FF806030000), size: 598016 (result: 0), SymType: '-deferred-', PDB: '', fileVersion: 10.0.19041.1081
C:\WINDOWS\system32\wbem\wbemsvc.dll:wbemsvc.dll (00007FF8070F0000), size: 81920 (result: 0), SymType: '-deferred-', PDB: '', fileVersion: 10.0.19041.1081
C:\WINDOWS\system32\wbem\fastprox.dll:fastprox.dll (00007FF804750000), size: 1093632 (result: 0), SymType: '-deferred-', PDB: '', fileVersion: 10.0.19041.546
C:\WINDOWS\SYSTEM32\amsi.dll:amsi.dll (00007FF803BC0000), size: 102400 (result: 0), SymType: '-deferred-', PDB: '', fileVersion: 10.0.19041.746
C:\WINDOWS\SYSTEM32\USERENV.dll:USERENV.dll (00007FF8176F0000), size: 188416 (result: 0), SymType: '-deferred-', PDB: '', fileVersion: 10.0.19041.572
C:\WINDOWS\system32\TmAMSI\TmAMSIProvider64.dll:TmAMSIProvider64.dll (00007FF803B80000), size: 233472 (result: 0), SymType: '-deferred-', PDB: '', fileVersion: 8.55.0.1053
D:\Unity Editors\2020.3.3f1\Editor\cudart64_90.dll:cudart64_90.dll (00007FFF7A0C0000), size: 397312 (result: 0), SymType: '-deferred-', PDB: '', fileVersion: 6.14.11.9000
C:\WINDOWS\SYSTEM32\opencl.dll:opencl.dll (00007FFF79F50000), size: 1482752 (result: 0), SymType: '-deferred-', PDB: '', fileVersion: 3.0.1.0
D:\Unity Editors\2020.3.3f1\Editor\radeonrays.dll:radeonrays.dll (00007FFF79EC0000), size: 552960 (result: 0), SymType: '-deferred-', PDB: ''
D:\Unity Editors\2020.3.3f1\Editor\Data\MonoBleedingEdge\EmbedRuntime\mono-2.0-bdwgc.dll:mono-2.0-bdwgc.dll (00007FFF79750000), size: 7790592 (result: 0), SymType: '-deferred-', PDB: ''
C:\WINDOWS\SYSTEM32\PROPSYS.dll:PROPSYS.dll (00007FF813160000), size: 1007616 (result: 0), SymType: '-deferred-', PDB: '', fileVersion: 7.0.19041.1023
C:\WINDOWS\WinSxS\amd64_microsoft.windows.common-controls_6595b64144ccf1df_6.0.19041.1110_none_60b5254171f9507e\comctl32.dll:comctl32.dll (00007FFFFD700000), size: 2727936 (result: 0), SymType: '-deferred-', PDB: '', fileVersion: 6.10.19041.1110
C:\WINDOWS\SYSTEM32\WindowsCodecs.dll:WindowsCodecs.dll (00007FF810810000), size: 1785856 (result: 0), SymType: '-deferred-', PDB: '', fileVersion: 10.0.19041.1023
C:\Windows\System32\thumbcache.dll:thumbcache.dll (00007FFFE4B80000), size: 417792 (result: 0), SymType: '-deferred-', PDB: '', fileVersion: 10.0.19041.746
C:\WINDOWS\SYSTEM32\policymanager.dll:policymanager.dll (00007FF811BE0000), size: 655360 (result: 0), SymType: '-deferred-', PDB: '', fileVersion: 10.0.19041.1023
C:\WINDOWS\SYSTEM32\msvcp110_win.dll:msvcp110_win.dll (00007FF816980000), size: 565248 (result: 0), SymType: '-deferred-', PDB: '', fileVersion: 10.0.19041.546
C:\WINDOWS\SYSTEM32\dbghelp.dll:dbghelp.dll (00007FF803970000), size: 1982464 (result: 0), SymType: '-deferred-', PDB: '', fileVersion: 10.0.19041.867

========== OUTPUTTING STACK TRACE ==================

0x00007FFF797E7E03 (mono-2.0-bdwgc) [c:\build\output\unity-technologies\mono\mono\metadata\metadata.c:2383] type_in_image 
0x00007FFF797E7C2B (mono-2.0-bdwgc) [c:\build\output\unity-technologies\mono\mono\metadata\metadata.c:2895] steal_gclass_in_image 
0x00007FFF79774007 (mono-2.0-bdwgc) [c:\build\output\unity-technologies\mono\mono\utils\mono-conc-hashtable.c:378] mono_conc_hashtable_foreach_steal 
0x00007FFF797DF9B5 (mono-2.0-bdwgc) [c:\build\output\unity-technologies\mono\mono\metadata\metadata.c:3010] mono_metadata_clean_for_image 
0x00007FFF797BB8C1 (mono-2.0-bdwgc) [c:\build\output\unity-technologies\mono\mono\metadata\image.c:2004] mono_image_close_except_pools 
0x00007FFF7977F947 (mono-2.0-bdwgc) [c:\build\output\unity-technologies\mono\mono\metadata\assembly.c:3865] mono_assembly_close_except_image_pools 
0x00007FFF797BB8FB (mono-2.0-bdwgc) [c:\build\output\unity-technologies\mono\mono\metadata\image.c:2007] mono_image_close_except_pools 
0x00007FFF7977F947 (mono-2.0-bdwgc) [c:\build\output\unity-technologies\mono\mono\metadata\assembly.c:3865] mono_assembly_close_except_image_pools 
0x00007FFF797BB8FB (mono-2.0-bdwgc) [c:\build\output\unity-technologies\mono\mono\metadata\image.c:2007] mono_image_close_except_pools 
0x00007FFF7977F947 (mono-2.0-bdwgc) [c:\build\output\unity-technologies\mono\mono\metadata\assembly.c:3865] mono_assembly_close_except_image_pools 
0x00007FFF797BB8FB (mono-2.0-bdwgc) [c:\build\output\unity-technologies\mono\mono\metadata\image.c:2007] mono_image_close_except_pools 
0x00007FFF7977F947 (mono-2.0-bdwgc) [c:\build\output\unity-technologies\mono\mono\metadata\assembly.c:3865] mono_assembly_close_except_image_pools 
0x00007FFF797BB8FB (mono-2.0-bdwgc) [c:\build\output\unity-technologies\mono\mono\metadata\image.c:2007] mono_image_close_except_pools 
0x00007FFF7977F947 (mono-2.0-bdwgc) [c:\build\output\unity-technologies\mono\mono\metadata\assembly.c:3865] mono_assembly_close_except_image_pools 
0x00007FFF7977C7B3 (mono-2.0-bdwgc) [c:\build\output\unity-technologies\mono\mono\metadata\domain.c:1156] mono_domain_free 
0x00007FFF79779F9F (mono-2.0-bdwgc) [c:\build\output\unity-technologies\mono\mono\metadata\appdomain.c:2638] unload_thread_main 
0x00007FFF79826BB8 (mono-2.0-bdwgc) [c:\build\output\unity-technologies\mono\mono\metadata\threads.c:1060] start_wrapper_internal 
0x00007FFF79826946 (mono-2.0-bdwgc) [c:\build\output\unity-technologies\mono\mono\metadata\threads.c:1119] start_wrapper 
0x00007FF818CE7034 (KERNEL32) BaseThreadInitThunk
0x00007FF81A102651 (ntdll) RtlUserThreadStart

========== END OF STACKTRACE ===========

A crash has been intercepted by the crash handler. For call stack and other details, see the latest crash report generated in:
 * C:/Users/Acer/AppData/Local/Temp/Unity/Editor/Crashes
